mode: set
functional/cmd/server/handler.go:16.61,18.2 1 1
functional/cmd/server/handler.go:22.52,32.36 3 1
functional/cmd/server/handler.go:32.36,35.58 3 1
functional/cmd/server/handler.go:35.58,38.4 2 1
functional/cmd/server/handler.go:40.3,43.40 4 1
functional/cmd/server/handler.go:49.51,57.36 3 1
functional/cmd/server/handler.go:57.36,60.58 3 1
functional/cmd/server/handler.go:60.58,63.4 2 1
functional/cmd/server/handler.go:65.3,67.40 3 1
functional/cmd/server/handler.go:73.50,80.36 2 1
functional/cmd/server/handler.go:80.36,83.17 3 1
functional/cmd/server/handler.go:83.17,86.4 2 1
functional/cmd/server/handler.go:88.3,91.40 4 1
functional/cmd/server/routers.go:10.62,12.2 1 0
functional/cmd/server/routers.go:14.30,20.2 4 0
functional/cmd/server/routers.go:22.30,24.2 1 0
functional/prey/tuna.go:8.40,10.2 1 1
functional/prey/tuna.go:12.35,14.2 1 1
functional/prey/tuna.go:16.24,18.2 1 1
functional/shark/white_shark.go:12.13,14.2 1 1
functional/shark/white_shark.go:25.68,28.2 2 1
functional/shark/white_shark.go:30.60,32.9 2 1
functional/shark/white_shark.go:32.9,34.3 1 1
functional/shark/white_shark.go:35.2,35.37 1 1
functional/shark/white_shark.go:38.65,42.2 1 1
functional/simulator/simulator.go:19.101,24.2 4 1
functional/simulator/simulator.go:26.73,33.2 6 1
functional/simulator/simulator.go:35.63,39.2 1 1
functional/simulator/simulator.go:41.47,43.2 1 0
functional/tests/utils.go:14.33,30.2 10 1
functional/tests/utils.go:32.108,37.2 3 1
